
*** Running vivado
    with args -log vga_syncIndex.vds -m64 -product Vivado -mode batch -messageDb vivado.pb -notrace -source vga_syncIndex.tcl


ECHO disattivato.
ECHO disattivato.

****** Vivado v2023.2 (64-bit)
  **** SW Build 4029153 on Fri Oct 13 20:14:34 MDT 2023
  **** IP Build 4028589 on Sat Oct 14 00:45:43 MDT 2023
  **** SharedData Build 4025554 on Tue Oct 10 17:18:54 MDT 2023
    ** Copyright 1986-2022 Xilinx, Inc. All Rights Reserved.
    ** Copyright 2022-2023 Advanced Micro Devices, Inc. All Rights Reserved.

source vga_syncIndex.tcl -notrace
create_project: Time (s): cpu = 00:00:09 ; elapsed = 00:00:09 . Memory (MB): peak = 475.090 ; gain = 182.246
Command: read_checkpoint -auto_incremental -incremental C:/FPGA/Basys3ImageProcessing/Basys3ImageProcessing.srcs/utils_1/imports/synth_1/vga_syncIndex.dcp
INFO: [Vivado 12-5825] Read reference checkpoint from C:/FPGA/Basys3ImageProcessing/Basys3ImageProcessing.srcs/utils_1/imports/synth_1/vga_syncIndex.dcp for incremental synthesis
INFO: [Vivado 12-7989] Please ensure there are no constraint changes
Command: synth_design -top vga_syncIndex -part xc7a35tcpg236-1
Starting synth_design
Attempting to get a license for feature 'Synthesis' and/or device 'xc7a35t'
INFO: [Common 17-349] Got license for feature 'Synthesis' and/or device 'xc7a35t'
INFO: [Device 21-403] Loading part xc7a35tcpg236-1
INFO: [Designutils 20-5440] No compile time benefit to using incremental synthesis; A full resynthesis will be run
INFO: [Designutils 20-4379] Flow is switching to default flow due to incremental criteria not met. If you would like to alter this behaviour and have the flow terminate instead, please set the following parameter config_implementation {autoIncr.Synth.RejectBehavior Terminate}
INFO: [Synth 8-7079] Multithreading enabled for synth_design using a maximum of 2 processes.
INFO: [Synth 8-7078] Launching helper process for spawning children vivado processes
INFO: [Synth 8-7075] Helper process launched with PID 19036
---------------------------------------------------------------------------------
Starting RTL Elaboration : Time (s): cpu = 00:00:07 ; elapsed = 00:00:08 . Memory (MB): peak = 1319.684 ; gain = 440.348
---------------------------------------------------------------------------------
INFO: [Synth 8-6157] synthesizing module 'vga_syncIndex' [C:/FPGA/Basys3ImageProcessing/Basys3ImageProcessing.srcs/sources_1/new/TopModel.v:42]
INFO: [Synth 8-6157] synthesizing module 'blk_mem_gen_0' [C:/FPGA/Basys3ImageProcessing/Basys3ImageProcessing.runs/synth_1/.Xil/Vivado-7756-DESKTOP-M6C6LLC/realtime/blk_mem_gen_0_stub.v:6]
INFO: [Synth 8-6155] done synthesizing module 'blk_mem_gen_0' (0#1) [C:/FPGA/Basys3ImageProcessing/Basys3ImageProcessing.runs/synth_1/.Xil/Vivado-7756-DESKTOP-M6C6LLC/realtime/blk_mem_gen_0_stub.v:6]
INFO: [Synth 8-6155] done synthesizing module 'vga_syncIndex' (0#1) [C:/FPGA/Basys3ImageProcessing/Basys3ImageProcessing.srcs/sources_1/new/TopModel.v:42]
WARNING: [Synth 8-6014] Unused sequential element gray_reg was removed.  [C:/FPGA/Basys3ImageProcessing/Basys3ImageProcessing.srcs/sources_1/new/TopModel.v:154]
WARNING: [Synth 8-6014] Unused sequential element left_reg was removed.  [C:/FPGA/Basys3ImageProcessing/Basys3ImageProcessing.srcs/sources_1/new/TopModel.v:155]
WARNING: [Synth 8-6014] Unused sequential element right_reg was removed.  [C:/FPGA/Basys3ImageProcessing/Basys3ImageProcessing.srcs/sources_1/new/TopModel.v:156]
WARNING: [Synth 8-6014] Unused sequential element up_reg was removed.  [C:/FPGA/Basys3ImageProcessing/Basys3ImageProcessing.srcs/sources_1/new/TopModel.v:158]
WARNING: [Synth 8-6014] Unused sequential element down_reg was removed.  [C:/FPGA/Basys3ImageProcessing/Basys3ImageProcessing.srcs/sources_1/new/TopModel.v:159]
WARNING: [Synth 8-6014] Unused sequential element leftup_reg was removed.  [C:/FPGA/Basys3ImageProcessing/Basys3ImageProcessing.srcs/sources_1/new/TopModel.v:160]
WARNING: [Synth 8-6014] Unused sequential element leftdown_reg was removed.  [C:/FPGA/Basys3ImageProcessing/Basys3ImageProcessing.srcs/sources_1/new/TopModel.v:161]
WARNING: [Synth 8-6014] Unused sequential element rightup_reg was removed.  [C:/FPGA/Basys3ImageProcessing/Basys3ImageProcessing.srcs/sources_1/new/TopModel.v:162]
WARNING: [Synth 8-6014] Unused sequential element rightdown_reg was removed.  [C:/FPGA/Basys3ImageProcessing/Basys3ImageProcessing.srcs/sources_1/new/TopModel.v:163]
WARNING: [Synth 8-6014] Unused sequential element tblue_reg was removed.  [C:/FPGA/Basys3ImageProcessing/Basys3ImageProcessing.srcs/sources_1/new/TopModel.v:164]
WARNING: [Synth 8-6014] Unused sequential element tgreen_reg was removed.  [C:/FPGA/Basys3ImageProcessing/Basys3ImageProcessing.srcs/sources_1/new/TopModel.v:165]
WARNING: [Synth 8-6014] Unused sequential element tred_reg was removed.  [C:/FPGA/Basys3ImageProcessing/Basys3ImageProcessing.srcs/sources_1/new/TopModel.v:166]
WARNING: [Synth 8-6014] Unused sequential element red_o_reg was removed.  [C:/FPGA/Basys3ImageProcessing/Basys3ImageProcessing.srcs/sources_1/new/TopModel.v:178]
WARNING: [Synth 8-6014] Unused sequential element green_o_reg was removed.  [C:/FPGA/Basys3ImageProcessing/Basys3ImageProcessing.srcs/sources_1/new/TopModel.v:179]
WARNING: [Synth 8-6014] Unused sequential element blue_o_reg was removed.  [C:/FPGA/Basys3ImageProcessing/Basys3ImageProcessing.srcs/sources_1/new/TopModel.v:180]
WARNING: [Synth 8-6014] Unused sequential element r_reg was removed.  [C:/FPGA/Basys3ImageProcessing/Basys3ImageProcessing.srcs/sources_1/new/TopModel.v:199]
WARNING: [Synth 8-6014] Unused sequential element g_reg was removed.  [C:/FPGA/Basys3ImageProcessing/Basys3ImageProcessing.srcs/sources_1/new/TopModel.v:200]
WARNING: [Synth 8-6014] Unused sequential element b_reg was removed.  [C:/FPGA/Basys3ImageProcessing/Basys3ImageProcessing.srcs/sources_1/new/TopModel.v:201]
WARNING: [Synth 8-3848] Net led in module/entity vga_syncIndex does not have driver. [C:/FPGA/Basys3ImageProcessing/Basys3ImageProcessing.srcs/sources_1/new/TopModel.v:60]
WARNING: [Synth 8-7129] Port led[15] in module vga_syncIndex is either unconnected or has no load
WARNING: [Synth 8-7129] Port led[14] in module vga_syncIndex is either unconnected or has no load
WARNING: [Synth 8-7129] Port led[13] in module vga_syncIndex is either unconnected or has no load
WARNING: [Synth 8-7129] Port led[12] in module vga_syncIndex is either unconnected or has no load
WARNING: [Synth 8-7129] Port led[11] in module vga_syncIndex is either unconnected or has no load
WARNING: [Synth 8-7129] Port led[10] in module vga_syncIndex is either unconnected or has no load
WARNING: [Synth 8-7129] Port led[9] in module vga_syncIndex is either unconnected or has no load
WARNING: [Synth 8-7129] Port led[8] in module vga_syncIndex is either unconnected or has no load
WARNING: [Synth 8-7129] Port led[7] in module vga_syncIndex is either unconnected or has no load
WARNING: [Synth 8-7129] Port led[6] in module vga_syncIndex is either unconnected or has no load
WARNING: [Synth 8-7129] Port led[5] in module vga_syncIndex is either unconnected or has no load
WARNING: [Synth 8-7129] Port led[4] in module vga_syncIndex is either unconnected or has no load
WARNING: [Synth 8-7129] Port led[3] in module vga_syncIndex is either unconnected or has no load
WARNING: [Synth 8-7129] Port led[2] in module vga_syncIndex is either unconnected or has no load
WARNING: [Synth 8-7129] Port led[1] in module vga_syncIndex is either unconnected or has no load
WARNING: [Synth 8-7129] Port led[0] in module vga_syncIndex is either unconnected or has no load
---------------------------------------------------------------------------------
Finished RTL Elaboration : Time (s): cpu = 00:00:10 ; elapsed = 00:00:11 . Memory (MB): peak = 1438.270 ; gain = 558.934
---------------------------------------------------------------------------------
---------------------------------------------------------------------------------
Start Handling Custom Attributes
---------------------------------------------------------------------------------
---------------------------------------------------------------------------------
Finished Handling Custom Attributes : Time (s): cpu = 00:00:10 ; elapsed = 00:00:11 . Memory (MB): peak = 1438.270 ; gain = 558.934
---------------------------------------------------------------------------------
---------------------------------------------------------------------------------
Finished RTL Optimization Phase 1 : Time (s): cpu = 00:00:10 ; elapsed = 00:00:11 . Memory (MB): peak = 1438.270 ; gain = 558.934
---------------------------------------------------------------------------------
Netlist sorting complete. Time (s): cpu = 00:00:00 ; elapsed = 00:00:00.012 . Memory (MB): peak = 1438.270 ; gain = 0.000
INFO: [Project 1-570] Preparing netlist for logic optimization

Processing XDC Constraints
Initializing timing engine
Parsing XDC File [c:/FPGA/Basys3ImageProcessing/Basys3ImageProcessing.gen/sources_1/ip/blk_mem_gen_0/blk_mem_gen_0/blk_mem_gen_0_in_context.xdc] for cell 'inst1'
Finished Parsing XDC File [c:/FPGA/Basys3ImageProcessing/Basys3ImageProcessing.gen/sources_1/ip/blk_mem_gen_0/blk_mem_gen_0/blk_mem_gen_0_in_context.xdc] for cell 'inst1'
Parsing XDC File [C:/FPGA/Basys3ImageProcessing/Basys3ImageProcessing.srcs/constrs_1/new/image_processiong_constr.xdc]
WARNING: [Vivado 12-584] No ports matched 'sel_module[9]'. [C:/FPGA/Basys3ImageProcessing/Basys3ImageProcessing.srcs/constrs_1/new/image_processiong_constr.xdc:29]
WARNING: [Vivado 12-584] No ports matched 'sel_module[9]'. [C:/FPGA/Basys3ImageProcessing/Basys3ImageProcessing.srcs/constrs_1/new/image_processiong_constr.xdc:30]
Finished Parsing XDC File [C:/FPGA/Basys3ImageProcessing/Basys3ImageProcessing.srcs/constrs_1/new/image_processiong_constr.xdc]
WARNING: [Project 1-498] One or more constraints failed evaluation while reading constraint file [C:/FPGA/Basys3ImageProcessing/Basys3ImageProcessing.srcs/constrs_1/new/image_processiong_constr.xdc] and the design contains unresolved black boxes. These constraints will be read post-synthesis (as long as their source constraint file is marked as used_in_implementation) and should be applied correctly then. You should review the constraints listed in the file [.Xil/vga_syncIndex_propImpl.xdc] and check the run log file to verify that these constraints were correctly applied.
INFO: [Project 1-236] Implementation specific constraints were found while reading constraint file [C:/FPGA/Basys3ImageProcessing/Basys3ImageProcessing.srcs/constrs_1/new/image_processiong_constr.xdc]. These constraints will be ignored for synthesis but will be used in implementation. Impacted constraints are listed in the file [.Xil/vga_syncIndex_propImpl.xdc].
Resolution: To avoid this warning, move constraints listed in [.Xil/vga_syncIndex_propImpl.xdc] to another XDC file and exclude this new file from synthesis with the used_in_synthesis property (File Properties dialog in GUI) and re-run elaboration/synthesis.
Completed Processing XDC Constraints

Netlist sorting complete. Time (s): cpu = 00:00:00 ; elapsed = 00:00:00 . Memory (MB): peak = 1533.281 ; gain = 0.000
INFO: [Project 1-111] Unisim Transformation Summary:
No Unisim elements were transformed.

Impossibile trovare il percorso specificato.
Constraint Validation Runtime : Time (s): cpu = 00:00:00 ; elapsed = 00:00:00.006 . Memory (MB): peak = 1533.281 ; gain = 0.000
INFO: [Designutils 20-5440] No compile time benefit to using incremental synthesis; A full resynthesis will be run
INFO: [Designutils 20-4379] Flow is switching to default flow due to incremental criteria not met. If you would like to alter this behaviour and have the flow terminate instead, please set the following parameter config_implementation {autoIncr.Synth.RejectBehavior Terminate}
---------------------------------------------------------------------------------
Finished Constraint Validation : Time (s): cpu = 00:00:22 ; elapsed = 00:00:23 . Memory (MB): peak = 1533.281 ; gain = 653.945
---------------------------------------------------------------------------------
---------------------------------------------------------------------------------
Start Loading Part and Timing Information
---------------------------------------------------------------------------------
Loading part: xc7a35tcpg236-1
---------------------------------------------------------------------------------
Finished Loading Part and Timing Information : Time (s): cpu = 00:00:22 ; elapsed = 00:00:23 . Memory (MB): peak = 1533.281 ; gain = 653.945
---------------------------------------------------------------------------------
---------------------------------------------------------------------------------
Start Applying 'set_property' XDC Constraints
---------------------------------------------------------------------------------
Applied set_property KEEP_HIERARCHY = SOFT for inst1. (constraint file  auto generated constraint).
---------------------------------------------------------------------------------
Finished applying 'set_property' XDC Constraints : Time (s): cpu = 00:00:22 ; elapsed = 00:00:23 . Memory (MB): peak = 1533.281 ; gain = 653.945
---------------------------------------------------------------------------------
---------------------------------------------------------------------------------
Finished RTL Optimization Phase 2 : Time (s): cpu = 00:00:23 ; elapsed = 00:00:24 . Memory (MB): peak = 1533.281 ; gain = 653.945
---------------------------------------------------------------------------------
---------------------------------------------------------------------------------
Start RTL Component Statistics 
---------------------------------------------------------------------------------
Detailed RTL Component Info : 
+---Adders : 
	   3 Input   32 Bit       Adders := 2     
	   2 Input   17 Bit       Adders := 1     
	   3 Input   16 Bit       Adders := 3     
	   5 Input   16 Bit       Adders := 1     
	   8 Input   12 Bit       Adders := 1     
	   2 Input   10 Bit       Adders := 2     
	   3 Input   10 Bit       Adders := 2     
	   2 Input    9 Bit       Adders := 4     
	   6 Input    8 Bit       Adders := 1     
+---Registers : 
	               10 Bit    Registers := 2     
	                4 Bit    Registers := 3     
	                1 Bit    Registers := 6     
+---Muxes : 
	   2 Input    8 Bit        Muxes := 15    
	   2 Input    4 Bit        Muxes := 23    
	   8 Input    4 Bit        Muxes := 1     
	   8 Input    3 Bit        Muxes := 1     
---------------------------------------------------------------------------------
Finished RTL Component Statistics 
---------------------------------------------------------------------------------
---------------------------------------------------------------------------------
Start Part Resource Summary
---------------------------------------------------------------------------------
Part Resources:
DSPs: 90 (col length:60)
BRAMs: 100 (col length: RAMB18 60 RAMB36 30)
---------------------------------------------------------------------------------
Finished Part Resource Summary
---------------------------------------------------------------------------------
---------------------------------------------------------------------------------
Start Cross Boundary and Area Optimization
---------------------------------------------------------------------------------
WARNING: [Synth 8-7080] Parallel synthesis criteria is not met
WARNING: [Synth 8-7129] Port led[15] in module vga_syncIndex is either unconnected or has no load
WARNING: [Synth 8-7129] Port led[14] in module vga_syncIndex is either unconnected or has no load
WARNING: [Synth 8-7129] Port led[13] in module vga_syncIndex is either unconnected or has no load
WARNING: [Synth 8-7129] Port led[12] in module vga_syncIndex is either unconnected or has no load
WARNING: [Synth 8-7129] Port led[11] in module vga_syncIndex is either unconnected or has no load
WARNING: [Synth 8-7129] Port led[10] in module vga_syncIndex is either unconnected or has no load
WARNING: [Synth 8-7129] Port led[9] in module vga_syncIndex is either unconnected or has no load
WARNING: [Synth 8-7129] Port led[8] in module vga_syncIndex is either unconnected or has no load
WARNING: [Synth 8-7129] Port led[7] in module vga_syncIndex is either unconnected or has no load
WARNING: [Synth 8-7129] Port led[6] in module vga_syncIndex is either unconnected or has no load
WARNING: [Synth 8-7129] Port led[5] in module vga_syncIndex is either unconnected or has no load
WARNING: [Synth 8-7129] Port led[4] in module vga_syncIndex is either unconnected or has no load
WARNING: [Synth 8-7129] Port led[3] in module vga_syncIndex is either unconnected or has no load
WARNING: [Synth 8-7129] Port led[2] in module vga_syncIndex is either unconnected or has no load
WARNING: [Synth 8-7129] Port led[1] in module vga_syncIndex is either unconnected or has no load
WARNING: [Synth 8-7129] Port led[0] in module vga_syncIndex is either unconnected or has no load
---------------------------------------------------------------------------------
Finished Cross Boundary and Area Optimization : Time (s): cpu = 00:00:33 ; elapsed = 00:00:35 . Memory (MB): peak = 1533.281 ; gain = 653.945
---------------------------------------------------------------------------------
---------------------------------------------------------------------------------
Start Applying XDC Timing Constraints
---------------------------------------------------------------------------------
---------------------------------------------------------------------------------
Finished Applying XDC Timing Constraints : Time (s): cpu = 00:00:41 ; elapsed = 00:00:43 . Memory (MB): peak = 1533.281 ; gain = 653.945
---------------------------------------------------------------------------------
---------------------------------------------------------------------------------
Start Timing Optimization
---------------------------------------------------------------------------------
---------------------------------------------------------------------------------
Finished Timing Optimization : Time (s): cpu = 00:00:48 ; elapsed = 00:00:50 . Memory (MB): peak = 1533.281 ; gain = 653.945
---------------------------------------------------------------------------------
---------------------------------------------------------------------------------
Start Technology Mapping
---------------------------------------------------------------------------------
---------------------------------------------------------------------------------
Finished Technology Mapping : Time (s): cpu = 00:00:48 ; elapsed = 00:00:50 . Memory (MB): peak = 1533.281 ; gain = 653.945
---------------------------------------------------------------------------------
---------------------------------------------------------------------------------
Start IO Insertion
---------------------------------------------------------------------------------
---------------------------------------------------------------------------------
Start Flattening Before IO Insertion
---------------------------------------------------------------------------------
---------------------------------------------------------------------------------
Finished Flattening Before IO Insertion
---------------------------------------------------------------------------------
---------------------------------------------------------------------------------
Start Final Netlist Cleanup
---------------------------------------------------------------------------------
---------------------------------------------------------------------------------
Finished Final Netlist Cleanup
---------------------------------------------------------------------------------
---------------------------------------------------------------------------------
Finished IO Insertion : Time (s): cpu = 00:00:55 ; elapsed = 00:00:57 . Memory (MB): peak = 1533.281 ; gain = 653.945
---------------------------------------------------------------------------------
---------------------------------------------------------------------------------
Start Renaming Generated Instances
---------------------------------------------------------------------------------
---------------------------------------------------------------------------------
Finished Renaming Generated Instances : Time (s): cpu = 00:00:55 ; elapsed = 00:00:57 . Memory (MB): peak = 1533.281 ; gain = 653.945
---------------------------------------------------------------------------------
---------------------------------------------------------------------------------
Start Rebuilding User Hierarchy
---------------------------------------------------------------------------------
---------------------------------------------------------------------------------
Finished Rebuilding User Hierarchy : Time (s): cpu = 00:00:55 ; elapsed = 00:00:57 . Memory (MB): peak = 1533.281 ; gain = 653.945
---------------------------------------------------------------------------------
---------------------------------------------------------------------------------
Start Renaming Generated Ports
---------------------------------------------------------------------------------
---------------------------------------------------------------------------------
Finished Renaming Generated Ports : Time (s): cpu = 00:00:55 ; elapsed = 00:00:57 . Memory (MB): peak = 1533.281 ; gain = 653.945
---------------------------------------------------------------------------------
---------------------------------------------------------------------------------
Start Handling Custom Attributes
---------------------------------------------------------------------------------
---------------------------------------------------------------------------------
Finished Handling Custom Attributes : Time (s): cpu = 00:00:55 ; elapsed = 00:00:57 . Memory (MB): peak = 1533.281 ; gain = 653.945
---------------------------------------------------------------------------------
---------------------------------------------------------------------------------
Start Renaming Generated Nets
---------------------------------------------------------------------------------
---------------------------------------------------------------------------------
Finished Renaming Generated Nets : Time (s): cpu = 00:00:55 ; elapsed = 00:00:57 . Memory (MB): peak = 1533.281 ; gain = 653.945
---------------------------------------------------------------------------------
---------------------------------------------------------------------------------
Start Writing Synthesis Report
---------------------------------------------------------------------------------

Report BlackBoxes: 
+------+--------------+----------+
|      |BlackBox name |Instances |
+------+--------------+----------+
|1     |blk_mem_gen_0 |         1|
+------+--------------+----------+

Report Cell Usage: 
+------+------------+------+
|      |Cell        |Count |
+------+------------+------+
|1     |blk_mem_gen |     1|
|2     |BUFG        |     1|
|3     |CARRY4      |   123|
|4     |LUT1        |     6|
|5     |LUT2        |   178|
|6     |LUT3        |   215|
|7     |LUT4        |   115|
|8     |LUT5        |   123|
|9     |LUT6        |   242|
|10    |FDRE        |    53|
|11    |IBUF        |    14|
|12    |OBUF        |    14|
|13    |OBUFT       |    16|
+------+------------+------+
---------------------------------------------------------------------------------
Finished Writing Synthesis Report : Time (s): cpu = 00:00:55 ; elapsed = 00:00:57 . Memory (MB): peak = 1533.281 ; gain = 653.945
---------------------------------------------------------------------------------
Synthesis finished with 0 errors, 0 critical warnings and 17 warnings.
Synthesis Optimization Runtime : Time (s): cpu = 00:00:42 ; elapsed = 00:00:54 . Memory (MB): peak = 1533.281 ; gain = 558.934
Synthesis Optimization Complete : Time (s): cpu = 00:00:55 ; elapsed = 00:00:57 . Memory (MB): peak = 1533.281 ; gain = 653.945
INFO: [Project 1-571] Translating synthesized netlist
Netlist sorting complete. Time (s): cpu = 00:00:00 ; elapsed = 00:00:00.012 . Memory (MB): peak = 1533.281 ; gain = 0.000
INFO: [Netlist 29-17] Analyzing 123 Unisim elements for replacement
INFO: [Netlist 29-28] Unisim Transformation completed in 0 CPU seconds
WARNING: [Netlist 29-101] Netlist 'vga_syncIndex' is not ideal for floorplanning, since the cellview 'vga_syncIndex' contains a large number of primitives.  Please consider enabling hierarchy in synthesis if you want to do floorplanning.
INFO: [Project 1-570] Preparing netlist for logic optimization
INFO: [Opt 31-138] Pushed 0 inverter(s) to 0 load pin(s).
Netlist sorting complete. Time (s): cpu = 00:00:00 ; elapsed = 00:00:00 . Memory (MB): peak = 1533.281 ; gain = 0.000
INFO: [Project 1-111] Unisim Transformation Summary:
No Unisim elements were transformed.

Impossibile trovare il percorso specificato.
Synth Design complete | Checksum: 76e04c57
INFO: [Common 17-83] Releasing license: Synthesis
25 Infos, 56 Warnings, 0 Critical Warnings and 0 Errors encountered.
synth_design completed successfully
synth_design: Time (s): cpu = 00:01:02 ; elapsed = 00:01:07 . Memory (MB): peak = 1533.281 ; gain = 1044.883
Write ShapeDB Complete: Time (s): cpu = 00:00:00 ; elapsed = 00:00:00.009 . Memory (MB): peak = 1533.281 ; gain = 0.000
INFO: [Common 17-1381] The checkpoint 'C:/FPGA/Basys3ImageProcessing/Basys3ImageProcessing.runs/synth_1/vga_syncIndex.dcp' has been generated.
INFO: [runtcl-4] Executing : report_utilization -file vga_syncIndex_utilization_synth.rpt -pb vga_syncIndex_utilization_synth.pb
INFO: [Common 17-206] Exiting Vivado at Sat Apr 27 02:42:15 2024...
